2025-10-07 18:42:21, MOVE, v:1, k:poo@chinela, mode:PICK
2025-10-07 18:43:48, MOVE, v:1, k:poo@chinela, mode:BACK
2025-10-07 18:43:55, MOVE, v:1, k:poo@camisa, mode:DOWN
2025-10-07 18:44:34, MOVE, v:1, k:poo@camisa, mode:PICK
2025-10-07 18:57:30, EXEC, v:1, k:poo@camisa, mode:FREE, size:21
2025-10-07 18:59:23, EXEC, v:1, k:poo@camisa, mode:FREE, size:23
2025-10-07 19:02:14, MOVE, v:1, k:poo@camisa, mode:PICK
2025-10-07 19:02:15, EXEC, v:1, k:poo@camisa, mode:FREE, size:23
2025-10-07 19:03:35, MOVE, v:1, k:poo@camisa, mode:PICK
2025-10-07 19:03:36, EXEC, v:1, k:poo@camisa, mode:FREE, size:23
2025-10-07 19:04:54, MOVE, v:1, k:poo@camisa, mode:PICK
2025-10-07 19:04:56, EXEC, v:1, k:poo@camisa, mode:FREE, size:23
2025-10-07 19:07:20, MOVE, v:1, k:poo@camisa, mode:PICK
2025-10-07 19:07:21, EXEC, v:1, k:poo@camisa, mode:FREE, size:24
2025-10-07 19:08:40, MOVE, v:1, k:poo@camisa, mode:PICK
2025-10-07 19:08:41, EXEC, v:1, k:poo@camisa, mode:FREE, size:24
2025-10-07 19:10:03, MOVE, v:1, k:poo@camisa, mode:PICK
2025-10-07 19:10:04, EXEC, v:1, k:poo@camisa, mode:FREE, size:24
2025-10-07 19:10:52, MOVE, v:1, k:poo@camisa, mode:PICK
2025-10-07 19:10:53, EXEC, v:1, k:poo@camisa, mode:FREE, size:25
2025-10-07 19:44:22, MOVE, v:1, k:poo@camisa, mode:PICK
2025-10-07 19:44:23, EXEC, v:1, k:poo@camisa, mode:FREE, size:24
2025-10-07 19:50:35, MOVE, v:1, k:poo@camisa, mode:PICK
2025-10-07 19:50:36, EXEC, v:1, k:poo@camisa, mode:FREE, size:24
2025-10-07 19:52:26, MOVE, v:1, k:poo@camisa, mode:PICK
2025-10-07 19:52:26, EXEC, v:1, k:poo@camisa, mode:FREE, size:24
2025-10-07 20:12:20, MOVE, v:1, k:poo@camisa, mode:PICK
2025-10-07 20:12:21, EXEC, v:1, k:poo@camisa, mode:FREE, size:24
2025-10-07 20:18:22, MOVE, v:1, k:poo@camisa, mode:PICK
2025-10-07 20:18:23, EXEC, v:1, k:poo@camisa, mode:FREE, size:24
2025-10-07 20:19:18, MOVE, v:1, k:poo@camisa, mode:PICK
2025-10-07 20:19:22, EXEC, v:1, k:poo@camisa, mode:LOCK, rate:0, size:24
2025-10-07 20:19:23, EXEC, v:1, k:poo@camisa, mode:LOCK, rate:0
2025-10-07 20:19:37, MOVE, v:1, k:poo@camisa, mode:PICK
2025-10-07 20:19:48, EXEC, v:1, k:poo@camisa, mode:LOCK, rate:0
2025-10-07 20:20:13, MOVE, v:1, k:poo@camisa, mode:PICK
2025-10-07 20:20:16, EXEC, v:1, k:poo@camisa, mode:FREE, size:24
