2025-10-25 17:28:03, MOVE, v:1, k:poo@motoca, mode:DOWN
2025-10-25 17:28:04, MOVE, v:1, k:poo@motoca, mode:PICK
2025-10-25 18:38:01, MOVE, v:1, k:poo@motoca, mode:PICK
2025-10-25 18:38:02, EXEC, v:1, k:poo@motoca, mode:FULL, rate:0, size:16
2025-10-25 18:40:59, EXEC, v:1, k:poo@motoca, mode:FULL, rate:0, size:23
2025-10-25 18:41:00, EXEC, v:1, k:poo@motoca, mode:FULL, rate:0
2025-10-25 18:44:20, EXEC, v:1, k:poo@motoca, mode:FULL, rate:0, size:28
2025-10-25 18:44:35, EXEC, v:1, k:poo@motoca, mode:FULL, rate:0, size:28
2025-10-25 18:45:04, EXEC, v:1, k:poo@motoca, mode:FULL, rate:0
2025-10-25 18:45:29, EXEC, v:1, k:poo@motoca, mode:FULL, rate:0, size:28
2025-10-25 18:45:35, EXEC, v:1, k:poo@motoca, mode:FULL, rate:0, size:28
2025-10-25 18:48:01, EXEC, v:1, k:poo@motoca, mode:FULL, rate:0
2025-10-25 18:48:30, EXEC, v:1, k:poo@motoca, mode:FULL, rate:0, size:28
2025-10-25 18:57:34, EXEC, v:1, k:poo@motoca, mode:FULL, rate:0, size:30
2025-10-25 19:08:47, EXEC, v:1, k:poo@motoca, mode:FULL, rate:0, size:29
2025-10-25 19:08:58, EXEC, v:1, k:poo@motoca, mode:FULL, rate:0, size:29
2025-10-25 19:09:09, EXEC, v:1, k:poo@motoca, mode:FULL, rate:6, size:29
2025-10-25 19:09:29, EXEC, v:1, k:poo@motoca, mode:FULL, rate:6, size:29
2025-10-25 19:10:36, EXEC, v:1, k:poo@motoca, mode:FULL, rate:0, size:30
2025-10-25 19:10:46, EXEC, v:1, k:poo@motoca, mode:FULL, rate:0, size:30
2025-10-25 19:10:50, EXEC, v:1, k:poo@motoca, mode:FULL, rate:0
2025-10-25 19:11:14, EXEC, v:1, k:poo@motoca, mode:FULL, rate:6, size:29
2025-10-25 19:20:27, EXEC, v:1, k:poo@motoca, mode:FULL, rate:0, size:37
2025-10-25 19:21:32, EXEC, v:1, k:poo@motoca, mode:FULL, rate:6, size:37
2025-10-25 19:29:05, EXEC, v:1, k:poo@motoca, mode:FULL, rate:0, size:41
2025-10-25 19:30:25, EXEC, v:1, k:poo@motoca, mode:FULL, rate:6, size:40
2025-10-25 19:30:26, EXEC, v:1, k:poo@motoca, mode:FULL, rate:6
2025-10-25 19:31:12, EXEC, v:1, k:poo@motoca, mode:FULL, rate:6, size:41
2025-10-25 19:31:38, EXEC, v:1, k:poo@motoca, mode:FULL, rate:6, size:41
2025-10-25 19:31:52, EXEC, v:1, k:poo@motoca, mode:FULL, rate:6, size:41
2025-10-25 19:32:31, EXEC, v:1, k:poo@motoca, mode:FULL, rate:6, size:41
2025-10-25 19:45:16, EXEC, v:1, k:poo@motoca, mode:FULL, rate:0, size:50
2025-10-25 19:45:33, EXEC, v:1, k:poo@motoca, mode:FULL, rate:0, size:48
2025-10-25 19:45:53, EXEC, v:1, k:poo@motoca, mode:FULL, rate:0, size:42
2025-10-25 19:46:11, EXEC, v:1, k:poo@motoca, mode:FULL, rate:0, size:48
2025-10-25 19:46:25, EXEC, v:1, k:poo@motoca, mode:FULL, rate:0, size:48
2025-10-25 19:49:21, EXEC, v:1, k:poo@motoca, mode:FULL, rate:0, size:48
2025-10-25 19:49:38, EXEC, v:1, k:poo@motoca, mode:FULL, rate:0, size:48
2025-10-25 19:50:38, EXEC, v:1, k:poo@motoca, mode:FULL, rate:6, size:48
2025-10-25 19:57:07, EXEC, v:1, k:poo@motoca, mode:FULL, rate:6, size:51
2025-10-25 19:58:42, EXEC, v:1, k:poo@motoca, mode:FULL, rate:6, size:51
2025-10-25 20:02:02, EXEC, v:1, k:poo@motoca, mode:FULL, rate:6, size:51
2025-10-25 20:04:53, EXEC, v:1, k:poo@motoca, mode:FULL, rate:6, size:51
2025-10-25 20:06:33, EXEC, v:1, k:poo@motoca, mode:FULL, rate:6, size:51
2025-10-25 20:08:21, EXEC, v:1, k:poo@motoca, mode:FULL, rate:0, size:51
2025-10-25 20:08:39, EXEC, v:1, k:poo@motoca, mode:FULL, rate:20, size:51
2025-10-25 20:14:23, EXEC, v:1, k:poo@motoca, mode:FULL, rate:20, size:53
2025-10-25 20:16:54, EXEC, v:1, k:poo@motoca, mode:FULL, rate:20, size:53
2025-10-25 20:20:54, EXEC, v:1, k:poo@motoca, mode:FULL, rate:0, size:53
2025-10-25 20:21:05, EXEC, v:1, k:poo@motoca, mode:FULL, rate:33, size:53
2025-10-25 20:24:26, EXEC, v:1, k:poo@motoca, mode:FULL, rate:33, size:60
2025-10-25 20:26:00, EXEC, v:1, k:poo@motoca, mode:FULL, rate:33, size:60
2025-10-25 20:30:20, EXEC, v:1, k:poo@motoca, mode:FULL, rate:33
2025-10-25 20:39:54, EXEC, v:1, k:poo@motoca, mode:FULL, rate:33, size:60
2025-10-25 20:42:15, EXEC, v:1, k:poo@motoca, mode:FULL, rate:40, size:62
2025-10-25 20:42:50, EXEC, v:1, k:poo@motoca, mode:FULL, rate:40, size:62
2025-10-25 20:45:06, EXEC, v:1, k:poo@motoca, mode:FULL, rate:40, size:64
2025-10-25 20:45:17, EXEC, v:1, k:poo@motoca, mode:FULL, rate:53, size:64
2025-10-25 20:51:53, EXEC, v:1, k:poo@motoca, mode:FULL, rate:53, size:70
2025-10-25 20:52:37, EXEC, v:1, k:poo@motoca, mode:FULL, rate:53, size:71
2025-10-25 20:53:19, EXEC, v:1, k:poo@motoca, mode:FULL, rate:60, size:71
2025-10-25 21:06:57, EXEC, v:1, k:poo@motoca, mode:FULL, rate:60, size:76
2025-10-25 21:08:30, EXEC, v:1, k:poo@motoca, mode:FULL, rate:60, size:78
2025-10-25 21:10:50, EXEC, v:1, k:poo@motoca, mode:FULL, rate:66, size:78
2025-10-25 21:26:56, MOVE, v:1, k:poo@motoca, mode:BACK
