2025-10-06 19:29:45, MOVE, v:1, k:poo@chinela, mode:DOWN
2025-10-06 19:29:47, MOVE, v:1, k:poo@chinela, mode:PICK
2025-10-06 19:29:48, EXEC, v:1, k:poo@chinela, mode:LOCK, rate:100, size:0
2025-10-06 19:50:24, EXEC, v:1, k:poo@chinela, mode:LOCK, rate:100, size:22
2025-10-06 19:50:37, EXEC, v:1, k:poo@chinela, mode:LOCK, rate:0, size:22
2025-10-06 19:50:44, EXEC, v:1, k:poo@chinela, mode:LOCK, rate:0, size:22
2025-10-06 19:53:32, EXEC, v:1, k:poo@chinela, mode:LOCK, rate:0, size:26
2025-10-06 19:55:52, EXEC, v:1, k:poo@chinela, mode:LOCK, rate:0, size:26
2025-10-06 19:59:15, EXEC, v:1, k:poo@chinela, mode:LOCK, rate:0, size:27
2025-10-06 19:59:17, EXEC, v:1, k:poo@chinela, mode:LOCK, rate:0
2025-10-06 19:59:17, EXEC, v:1, k:poo@chinela, mode:LOCK, rate:0
2025-10-06 19:59:17, EXEC, v:1, k:poo@chinela, mode:LOCK, rate:0
2025-10-06 19:59:18, EXEC, v:1, k:poo@chinela, mode:LOCK, rate:0
2025-10-06 19:59:18, EXEC, v:1, k:poo@chinela, mode:LOCK, rate:0
2025-10-06 19:59:40, MOVE, v:1, k:poo@chinela, mode:BACK
2025-10-06 19:59:41, MOVE, v:1, k:poo@chinela, mode:PICK
2025-10-06 19:59:41, EXEC, v:1, k:poo@chinela, mode:LOCK, rate:100, size:27
2025-10-06 19:59:43, EXEC, v:1, k:poo@chinela, mode:LOCK, rate:100
2025-10-06 19:59:44, EXEC, v:1, k:poo@chinela, mode:LOCK, rate:100
2025-10-06 19:59:47, EXEC, v:1, k:poo@chinela, mode:LOCK, rate:100
2025-10-06 19:59:47, EXEC, v:1, k:poo@chinela, mode:LOCK, rate:100
2025-10-06 19:59:47, EXEC, v:1, k:poo@chinela, mode:LOCK, rate:0, size:27
2025-10-06 19:59:48, EXEC, v:1, k:poo@chinela, mode:LOCK, rate:0
2025-10-06 20:00:34, EXEC, v:1, k:poo@chinela, mode:LOCK, rate:0, size:27
2025-10-06 20:00:35, EXEC, v:1, k:poo@chinela, mode:LOCK, rate:0
2025-10-06 20:00:35, EXEC, v:1, k:poo@chinela, mode:LOCK, rate:0
2025-10-06 20:00:35, EXEC, v:1, k:poo@chinela, mode:LOCK, rate:0
2025-10-06 20:00:36, EXEC, v:1, k:poo@chinela, mode:LOCK, rate:0
2025-10-06 20:00:37, MOVE, v:1, k:poo@chinela, mode:BACK
2025-10-06 20:00:38, MOVE, v:1, k:poo@chinela, mode:PICK
2025-10-06 20:00:39, EXEC, v:1, k:poo@chinela, mode:LOCK, rate:0
2025-10-06 20:00:54, EXEC, v:1, k:poo@chinela, mode:LOCK, rate:0, size:27
2025-10-06 20:01:38, EXEC, v:1, k:poo@chinela, mode:LOCK, rate:0, size:28
2025-10-06 20:02:18, EXEC, v:1, k:poo@chinela, mode:LOCK, rate:0, size:28
2025-10-06 20:02:18, EXEC, v:1, k:poo@chinela, mode:LOCK, rate:0, size:28
2025-10-06 20:02:19, EXEC, v:1, k:poo@chinela, mode:LOCK, rate:0, size:28
2025-10-06 20:02:19, EXEC, v:1, k:poo@chinela, mode:LOCK, rate:0
2025-10-06 20:02:19, EXEC, v:1, k:poo@chinela, mode:LOCK, rate:0
2025-10-06 20:02:19, EXEC, v:1, k:poo@chinela, mode:LOCK, rate:0
2025-10-06 20:02:20, EXEC, v:1, k:poo@chinela, mode:LOCK, rate:0
2025-10-06 20:03:04, EXEC, v:1, k:poo@chinela, mode:LOCK, rate:100, size:28
2025-10-06 20:03:08, EXEC, v:1, k:poo@chinela, mode:LOCK, rate:100
2025-10-06 20:03:08, EXEC, v:1, k:poo@chinela, mode:LOCK, rate:100
2025-10-06 20:03:09, EXEC, v:1, k:poo@chinela, mode:LOCK, rate:100
2025-10-06 20:03:09, EXEC, v:1, k:poo@chinela, mode:LOCK, rate:100
2025-10-06 20:03:17, EXEC, v:1, k:poo@chinela, mode:LOCK, rate:100, size:28
2025-10-06 20:03:17, EXEC, v:1, k:poo@chinela, mode:LOCK, rate:100, size:28
2025-10-06 20:03:17, EXEC, v:1, k:poo@chinela, mode:LOCK, rate:100, size:28
2025-10-06 20:03:17, EXEC, v:1, k:poo@chinela, mode:LOCK, rate:100, size:28
2025-10-06 20:03:18, EXEC, v:1, k:poo@chinela, mode:LOCK, rate:100, size:28
2025-10-06 20:03:20, EXEC, v:1, k:poo@chinela, mode:LOCK, rate:100
2025-10-06 20:03:20, EXEC, v:1, k:poo@chinela, mode:LOCK, rate:100
2025-10-06 20:03:20, EXEC, v:1, k:poo@chinela, mode:LOCK, rate:100
2025-10-06 20:04:16, EXEC, v:1, k:poo@chinela, mode:LOCK, rate:0, size:30
2025-10-06 20:04:26, MOVE, v:1, k:poo@chinela, mode:BACK
2025-10-06 20:04:28, MOVE, v:1, k:poo@chinela, mode:PICK
2025-10-06 20:04:32, EXEC, v:1, k:poo@chinela, mode:FREE
2025-10-06 20:05:17, MOVE, v:1, k:poo@chinela, mode:PICK
2025-10-06 20:05:18, EXEC, v:1, k:poo@chinela, mode:FREE
2025-10-06 20:08:47, MOVE, v:1, k:poo@chinela, mode:PICK
2025-10-06 20:08:48, EXEC, v:1, k:poo@chinela, mode:FREE, size:33
2025-10-06 20:15:26, MOVE, v:1, k:poo@chinela, mode:PICK
2025-10-06 20:15:27, EXEC, v:1, k:poo@chinela, mode:FREE, size:33
