2025-10-26 18:36:17, MOVE, v:1, k:poo@motoca, mode:PICK
2025-10-26 18:36:19, EXEC, v:1, k:poo@motoca, mode:FULL, rate:66
2025-10-26 18:38:38, EXEC, v:1, k:poo@motoca, mode:FULL, rate:73, size:80
2025-10-26 18:39:36, EXEC, v:1, k:poo@motoca, mode:FULL, rate:60, size:82
2025-10-26 18:39:52, EXEC, v:1, k:poo@motoca, mode:FULL, rate:73, size:82
2025-10-26 18:40:13, EXEC, v:1, k:poo@motoca, mode:FULL, rate:73, size:82
2025-10-26 18:42:04, EXEC, v:1, k:poo@motoca, mode:FULL, rate:73, size:83
2025-10-26 18:43:38, EXEC, v:1, k:poo@motoca, mode:FULL, rate:60, size:84
2025-10-26 18:43:57, EXEC, v:1, k:poo@motoca, mode:FULL, rate:60, size:84
2025-10-26 18:44:57, EXEC, v:1, k:poo@motoca, mode:FULL, rate:73, size:82
2025-10-26 18:45:34, EXEC, v:1, k:poo@motoca, mode:FULL, rate:60, size:83
2025-10-26 18:45:54, MOVE, v:1, k:poo@motoca, mode:PICK
2025-10-26 18:45:56, EXEC, v:1, k:poo@motoca, mode:FULL, rate:60
2025-10-26 18:46:10, EXEC, v:1, k:poo@motoca, mode:FULL, rate:73, size:82
2025-10-26 18:47:44, EXEC, v:1, k:poo@motoca, mode:FULL, rate:73, size:81
2025-10-26 18:48:37, EXEC, v:1, k:poo@motoca, mode:FULL, rate:73, size:81
2025-10-26 18:48:52, EXEC, v:1, k:poo@motoca, mode:FULL, rate:73, size:81
2025-10-26 18:49:11, EXEC, v:1, k:poo@motoca, mode:FULL, rate:73, size:81
2025-10-26 18:49:31, EXEC, v:1, k:poo@motoca, mode:FULL, rate:73, size:81
2025-10-26 18:50:18, EXEC, v:1, k:poo@motoca, mode:FULL, rate:73, size:81
2025-10-26 18:50:59, EXEC, v:1, k:poo@motoca, mode:FULL, rate:80, size:82
2025-10-26 18:59:52, EXEC, v:1, k:poo@motoca, mode:FULL, rate:60, size:90
2025-10-26 19:00:02, EXEC, v:1, k:poo@motoca, mode:FULL, rate:60, size:90
2025-10-26 19:05:10, EXEC, v:1, k:poo@motoca, mode:FULL, rate:86, size:90
2025-10-26 19:08:48, EXEC, v:1, k:poo@motoca, mode:FULL, rate:93, size:94
2025-10-26 19:20:21, EXEC, v:1, k:poo@motoca, mode:FULL, rate:100, size:103
2025-10-26 19:22:37, MOVE, v:1, k:poo@motoca, mode:BACK
2025-10-26 19:22:54, MOVE, v:1, k:poo@grafite, mode:DOWN
2025-10-26 19:22:55, MOVE, v:1, k:poo@grafite, mode:PICK
2025-10-26 19:23:01, EXEC, v:1, k:poo@grafite, mode:FULL, rate:0, size:0
2025-10-26 19:42:48, EXEC, v:1, k:poo@grafite, mode:FULL, rate:0, size:39
2025-10-26 19:43:33, EXEC, v:1, k:poo@grafite, mode:FULL, rate:0, size:39
