2025-10-20 18:43:23, MOVE, v:1, k:poo@roupa, mode:PICK
2025-10-20 18:43:23, EXEC, v:1, k:poo@roupa, mode:FULL, rate:0, size:0
2025-10-20 18:43:48, MOVE, v:1, k:poo@roupa, mode:BACK
2025-10-20 18:43:52, MOVE, v:1, k:poo@roupa, mode:PICK
2025-10-20 18:43:54, EXEC, v:1, k:poo@roupa, mode:FULL, rate:0
2025-10-20 18:44:22, EXEC, v:1, k:poo@roupa, mode:FULL, rate:0
2025-10-20 18:49:56, EXEC, v:1, k:poo@roupa, mode:FULL, rate:0, size:23
2025-10-20 18:52:03, MOVE, v:1, k:poo@roupa, mode:PICK
2025-10-20 18:52:03, EXEC, v:1, k:poo@roupa, mode:FULL, rate:0, size:25
2025-10-20 18:52:58, EXEC, v:1, k:poo@roupa, mode:FULL, rate:0, size:25
2025-10-20 18:54:29, EXEC, v:1, k:poo@roupa, mode:FULL, rate:0
2025-10-20 18:54:55, EXEC, v:1, k:poo@roupa, mode:FULL, rate:0, size:24
2025-10-20 18:55:07, EXEC, v:1, k:poo@roupa, mode:FULL, rate:0, size:24
2025-10-20 18:56:47, EXEC, v:1, k:poo@roupa, mode:FULL, rate:0, size:27
2025-10-20 18:56:48, EXEC, v:1, k:poo@roupa, mode:FULL, rate:0
2025-10-20 18:57:51, EXEC, v:1, k:poo@roupa, mode:FULL, rate:0, size:27
2025-10-20 18:57:51, EXEC, v:1, k:poo@roupa, mode:FULL, rate:0, size:27
2025-10-20 18:57:52, EXEC, v:1, k:poo@roupa, mode:FULL, rate:0, size:27
2025-10-20 18:57:55, EXEC, v:1, k:poo@roupa, mode:FULL, rate:0
2025-10-20 18:58:05, EXEC, v:1, k:poo@roupa, mode:FULL, rate:0, size:27
2025-10-20 18:58:05, EXEC, v:1, k:poo@roupa, mode:FULL, rate:0, size:27
2025-10-20 18:58:06, EXEC, v:1, k:poo@roupa, mode:FULL, rate:0, size:27
2025-10-20 18:58:06, EXEC, v:1, k:poo@roupa, mode:FULL, rate:0, size:27
2025-10-20 18:58:06, EXEC, v:1, k:poo@roupa, mode:FULL, rate:0, size:27
2025-10-20 18:58:06, EXEC, v:1, k:poo@roupa, mode:FULL, rate:0, size:27
2025-10-20 18:58:07, EXEC, v:1, k:poo@roupa, mode:FULL, rate:0, size:27
2025-10-20 18:58:08, EXEC, v:1, k:poo@roupa, mode:FULL, rate:0
2025-10-20 18:58:08, EXEC, v:1, k:poo@roupa, mode:FULL, rate:0
2025-10-20 18:58:25, EXEC, v:1, k:poo@roupa, mode:FULL, rate:0, size:26
2025-10-20 18:58:30, EXEC, v:1, k:poo@roupa, mode:FULL, rate:0
2025-10-20 18:58:31, EXEC, v:1, k:poo@roupa, mode:FULL, rate:0, size:28
2025-10-20 18:58:31, EXEC, v:1, k:poo@roupa, mode:FULL, rate:0, size:28
2025-10-20 18:58:37, EXEC, v:1, k:poo@roupa, mode:FULL, rate:0, size:24
2025-10-20 18:59:04, EXEC, v:1, k:poo@roupa, mode:FULL, rate:0
2025-10-20 18:59:04, EXEC, v:1, k:poo@roupa, mode:FULL, rate:0
2025-10-20 18:59:13, MOVE, v:1, k:poo@roupa, mode:BACK
2025-10-20 18:59:15, MOVE, v:1, k:poo@relogio, mode:DOWN
2025-10-20 19:02:00, MOVE, v:1, k:poo@relogio, mode:PICK
2025-10-20 19:09:55, EXEC, v:1, k:poo@relogio, mode:FULL, rate:0, size:9
2025-10-20 19:10:00, EXEC, v:1, k:poo@relogio, mode:FULL, rate:0
2025-10-20 19:10:02, MOVE, v:1, k:poo@relogio, mode:BACK
2025-10-20 19:10:03, MOVE, v:1, k:poo@relogio, mode:PICK
2025-10-20 19:10:05, EXEC, v:1, k:poo@relogio, mode:FULL, rate:0
2025-10-20 19:15:00, EXEC, v:1, k:poo@relogio, mode:FULL, rate:0, size:21
2025-10-20 19:15:08, EXEC, v:1, k:poo@relogio, mode:FULL, rate:7, size:21
2025-10-20 19:17:15, EXEC, v:1, k:poo@relogio, mode:FULL, rate:30, size:26
2025-10-20 19:21:24, EXEC, v:1, k:poo@relogio, mode:FULL, rate:30, size:29
2025-10-20 19:54:13, EXEC, v:1, k:poo@relogio, mode:FULL, rate:30, size:36
2025-10-20 19:54:53, EXEC, v:1, k:poo@relogio, mode:FULL, rate:30, size:36
2025-10-20 19:55:30, EXEC, v:1, k:poo@relogio, mode:FULL, rate:30, size:35
2025-10-20 20:02:49, EXEC, v:1, k:poo@relogio, mode:FULL, rate:30, size:39
2025-10-20 20:03:02, EXEC, v:1, k:poo@relogio, mode:FULL, rate:0, size:39
2025-10-20 20:03:12, MOVE, v:1, k:poo@relogio, mode:PICK
2025-10-20 20:03:14, EXEC, v:1, k:poo@relogio, mode:FULL, rate:30, size:39
2025-10-20 20:04:21, EXEC, v:1, k:poo@relogio, mode:FULL, rate:7, size:37
2025-10-20 20:05:59, EXEC, v:1, k:poo@relogio, mode:FULL, rate:30, size:40
2025-10-20 20:06:18, EXEC, v:1, k:poo@relogio, mode:FULL, rate:7, size:40
2025-10-20 20:06:32, EXEC, v:1, k:poo@relogio, mode:FULL, rate:30, size:39
2025-10-20 20:06:42, EXEC, v:1, k:poo@relogio, mode:FULL, rate:30
2025-10-20 20:12:06, MOVE, v:1, k:poo@relogio, mode:BACK
